2025-02-24 03:48:11,582 [INFO] 正在下载 (↓↓↓ 直达页面底部) asynchronously
2025-02-24 03:48:11,582 [INFO] 正在下载 (第1章 part1) asynchronously
2025-02-24 03:48:11,582 [INFO] 正在下载 (第2章 part2) asynchronously
2025-02-24 03:48:11,582 [INFO] 正在下载 (第3章 part3) asynchronously
2025-02-24 03:48:11,583 [INFO] 正在下载 (第4章 part4) asynchronously
2025-02-24 03:48:11,583 [INFO] 正在下载 (第5章 part5) asynchronously
2025-02-24 03:48:11,583 [INFO] 正在下载 (第6章 part6) asynchronously
2025-02-24 03:48:11,583 [INFO] 正在下载 (第7章 part7) asynchronously
2025-02-24 03:48:11,585 [INFO] 正在下载 (第8章 part8) asynchronously
2025-02-24 03:48:11,585 [INFO] 正在下载 (第9章 part9) asynchronously
2025-02-24 03:48:11,585 [INFO] 正在下载 (第10章 part10) asynchronously
2025-02-24 03:48:11,586 [INFO] 正在下载 (第11章 part11) asynchronously
2025-02-24 03:48:11,586 [INFO] 正在下载 (第12章 part12) asynchronously
2025-02-24 03:48:11,586 [INFO] 正在下载 (第13章 part13) asynchronously
2025-02-24 03:48:11,587 [INFO] 正在下载 (第14章 part14) asynchronously
2025-02-24 03:48:11,587 [INFO] 正在下载 (第15章 part15) asynchronously
2025-02-24 03:48:11,587 [INFO] 正在下载 (第16章 part16) asynchronously
2025-02-24 03:48:11,587 [INFO] 正在下载 (第17章 part17) asynchronously
2025-02-24 03:48:11,588 [INFO] 正在下载 (第18章 part18) asynchronously
2025-02-24 03:48:11,588 [INFO] 正在下载 (第19章 part19) asynchronously
2025-02-24 03:48:11,588 [INFO] 正在下载 (第20章 part20) asynchronously
2025-02-24 03:48:11,588 [INFO] 正在下载 (第21章 part21) asynchronously
2025-02-24 03:48:11,589 [INFO] 正在下载 (第22章 part22) asynchronously
2025-02-24 03:48:11,589 [INFO] 正在下载 (第23章 part23) asynchronously
2025-02-24 03:48:11,589 [INFO] 正在下载 (第24章 part24) asynchronously
2025-02-24 03:48:11,589 [INFO] 正在下载 (第25章 part25) asynchronously
2025-02-24 03:48:11,589 [INFO] 正在下载 (第26章 part26) asynchronously
2025-02-24 03:48:11,590 [INFO] 正在下载 (第27章 part27) asynchronously
2025-02-24 03:48:11,590 [INFO] 正在下载 (第28章 part28) asynchronously
2025-02-24 03:48:11,590 [INFO] 正在下载 (第29章 part29) asynchronously
2025-02-24 03:48:12,806 [WARNING] 第1次尝试失败 (↓↓↓ 直达页面底部): 获取到空内容
2025-02-24 03:48:12,806 [ERROR] 章节下载失败: ↓↓↓ 直达页面底部
2025-02-24 03:48:12,807 [INFO] 正在下载 (第30章 part30) asynchronously
2025-02-24 03:48:13,007 [INFO] 成功下载: 第8章 part8
2025-02-24 03:48:13,007 [INFO] 正在下载 (第31章 part31) asynchronously
2025-02-24 03:48:13,038 [INFO] 成功下载: 第2章 part2
2025-02-24 03:48:13,077 [INFO] 成功下载: 第11章 part11
2025-02-24 03:48:13,089 [INFO] 正在下载 (第32章 part32) asynchronously
2025-02-24 03:48:13,091 [INFO] 成功下载: 第1章 part1
2025-02-24 03:48:13,118 [INFO] 成功下载: 第6章 part6
2025-02-24 03:48:13,123 [INFO] 正在下载 (第33章 part33) asynchronously
2025-02-24 03:48:13,145 [INFO] 成功下载: 第18章 part18
2025-02-24 03:48:13,152 [INFO] 成功下载: 第16章 part16
2025-02-24 03:48:13,152 [INFO] 正在下载 (第34章 part34) asynchronously
2025-02-24 03:48:13,152 [INFO] 正在下载 (第35章 part35) asynchronously
2025-02-24 03:48:13,182 [INFO] 成功下载: 第4章 part4
2025-02-24 03:48:13,201 [INFO] 成功下载: 第25章 part25
2025-02-24 03:48:13,206 [INFO] 正在下载 (第36章 part36) asynchronously
2025-02-24 03:48:13,217 [INFO] 正在下载 (第37章 part37) asynchronously
2025-02-24 03:48:13,230 [INFO] 成功下载: 第5章 part5
2025-02-24 03:48:13,267 [INFO] 成功下载: 第12章 part12
2025-02-24 03:48:13,292 [INFO] 成功下载: 第23章 part23
2025-02-24 03:48:13,313 [INFO] 成功下载: 第10章 part10
2025-02-24 03:48:13,313 [INFO] 正在下载 (第38章 part38) asynchronously
2025-02-24 03:48:13,314 [INFO] 成功下载: 第3章 part3
2025-02-24 03:48:13,325 [INFO] 成功下载: 第19章 part19
2025-02-24 03:48:13,328 [INFO] 正在下载 (第39章 part39) asynchronously
2025-02-24 03:48:13,355 [INFO] 成功下载: 第17章 part17
2025-02-24 03:48:13,367 [INFO] 正在下载 (第40章 part40) asynchronously
2025-02-24 03:48:13,438 [INFO] 成功下载: 第27章 part27
2025-02-24 03:48:13,439 [INFO] 成功下载: 第9章 part9
2025-02-24 03:48:13,443 [INFO] 成功下载: 第22章 part22
2025-02-24 03:48:13,463 [INFO] 成功下载: 第7章 part7
2025-02-24 03:48:13,464 [INFO] 正在下载 (第41章 part41) asynchronously
2025-02-24 03:48:13,479 [INFO] 正在下载 (第42章 part42) asynchronously
2025-02-24 03:48:13,507 [INFO] 成功下载: 第26章 part26
2025-02-24 03:48:13,517 [INFO] 成功下载: 第13章 part13
2025-02-24 03:48:13,548 [INFO] 成功下载: 第15章 part15
2025-02-24 03:48:13,556 [INFO] 成功下载: 第21章 part21
2025-02-24 03:48:13,560 [INFO] 成功下载: 第28章 part28
2025-02-24 03:48:13,561 [INFO] 成功下载: 第29章 part29
2025-02-24 03:48:13,562 [INFO] 正在下载 (第43章 part43) asynchronously
2025-02-24 03:48:13,566 [INFO] 正在下载 (第44章 part44) asynchronously
2025-02-24 03:48:13,567 [INFO] 正在下载 (第45章 part45) asynchronously
2025-02-24 03:48:13,568 [INFO] 正在下载 (第46章 part46) asynchronously
2025-02-24 03:48:13,576 [INFO] 正在下载 (第47章 part47) asynchronously
2025-02-24 03:48:13,576 [INFO] 正在下载 (第48章 part48) asynchronously
2025-02-24 03:48:13,577 [INFO] 正在下载 (第49章 part49) asynchronously
2025-02-24 03:48:13,577 [INFO] 正在下载 (第50章 part50) asynchronously
2025-02-24 03:48:13,579 [INFO] 正在下载 (第51章 part51) asynchronously
2025-02-24 03:48:13,583 [INFO] 正在下载 (第52章 part52) asynchronously
2025-02-24 03:48:13,585 [INFO] 正在下载 (第53章 part53) asynchronously
2025-02-24 03:48:13,587 [INFO] 正在下载 (第54章 part54) asynchronously
2025-02-24 03:48:13,587 [INFO] 正在下载 (第55章 part55) asynchronously
2025-02-24 03:48:13,587 [INFO] 正在下载 (第56章 part56) asynchronously
2025-02-24 03:48:13,841 [INFO] 成功下载: 第30章 part30
2025-02-24 03:48:13,842 [INFO] 正在下载 (第57章 part57) asynchronously
2025-02-24 03:48:13,892 [INFO] 成功下载: 第31章 part31
2025-02-24 03:48:13,894 [INFO] 正在下载 (第58章 part58) asynchronously
2025-02-24 03:48:14,217 [INFO] 成功下载: 第32章 part32
2025-02-24 03:48:14,225 [INFO] 成功下载: 第35章 part35
2025-02-24 03:48:14,225 [INFO] 正在下载 (第59章 part59) asynchronously
2025-02-24 03:48:14,226 [INFO] 正在下载 (第60章 part60) asynchronously
2025-02-24 03:48:14,366 [INFO] 成功下载: 第33章 part33
2025-02-24 03:48:14,367 [INFO] 正在下载 (第61章 part61) asynchronously
2025-02-24 03:48:14,417 [INFO] 成功下载: 第34章 part34
2025-02-24 03:48:14,423 [INFO] 正在下载 (第62章 part62) asynchronously
2025-02-24 03:48:14,431 [INFO] 成功下载: 第37章 part37
2025-02-24 03:48:14,441 [INFO] 正在下载 (第63章 part63) asynchronously
2025-02-24 03:48:14,453 [INFO] 成功下载: 第36章 part36
2025-02-24 03:48:14,454 [INFO] 正在下载 (第64章 part64) asynchronously
2025-02-24 03:48:14,555 [INFO] 成功下载: 第52章 part52
2025-02-24 03:48:14,556 [INFO] 正在下载 (第65章 part65) asynchronously
2025-02-24 03:48:14,607 [INFO] 成功下载: 第43章 part43
2025-02-24 03:48:14,609 [INFO] 正在下载 (第66章 part66) asynchronously
2025-02-24 03:48:14,662 [INFO] 成功下载: 第46章 part46
2025-02-24 03:48:14,663 [INFO] 成功下载: 第45章 part45
2025-02-24 03:48:14,669 [INFO] 正在下载 (第67章 part67) asynchronously
2025-02-24 03:48:14,672 [INFO] 成功下载: 第58章 part58
2025-02-24 03:48:14,673 [INFO] 正在下载 (第68章 part68) asynchronously
2025-02-24 03:48:14,686 [INFO] 正在下载 (第69章 part69) asynchronously
2025-02-24 03:48:14,692 [INFO] 成功下载: 第51章 part51
2025-02-24 03:48:14,696 [INFO] 正在下载 (第70章 part70) asynchronously
2025-02-24 03:48:14,803 [INFO] 成功下载: 第50章 part50
2025-02-24 03:48:14,804 [INFO] 正在下载 (第71章 part71) asynchronously
2025-02-24 03:48:14,863 [INFO] 成功下载: 第38章 part38
2025-02-24 03:48:14,876 [INFO] 正在下载 (第72章 part72) asynchronously
2025-02-24 03:48:14,878 [INFO] 成功下载: 第53章 part53
2025-02-24 03:48:14,905 [INFO] 正在下载 (第73章 番外一) asynchronously
2025-02-24 03:48:14,931 [INFO] 成功下载: 第47章 part47
2025-02-24 03:48:14,950 [INFO] 成功下载: 第54章 part54
2025-02-24 03:48:14,957 [INFO] 成功下载: 第40章 part40
2025-02-24 03:48:14,999 [INFO] 成功下载: 第39章 part39
2025-02-24 03:48:15,004 [INFO] 成功下载: 第56章 part56
2025-02-24 03:48:15,014 [INFO] 成功下载: 第41章 part41
2025-02-24 03:48:15,050 [INFO] 成功下载: 第49章 part49
2025-02-24 03:48:15,064 [INFO] 成功下载: 第44章 part44
2025-02-24 03:48:15,064 [INFO] 正在下载 (第74章 番外二) asynchronously
2025-02-24 03:48:15,066 [INFO] 成功下载: 第55章 part55
2025-02-24 03:48:15,068 [INFO] 正在下载 (第75章 番外三) asynchronously
2025-02-24 03:48:15,069 [INFO] 正在下载 (第76章 番外四) asynchronously
2025-02-24 03:48:15,076 [INFO] 正在下载 (第77章 番外五) asynchronously
2025-02-24 03:48:15,087 [INFO] 正在下载 (第78章 番外六) asynchronously
2025-02-24 03:48:15,096 [INFO] 成功下载: 第57章 part57
2025-02-24 03:48:15,096 [INFO] 正在下载 (第79章 番外七) asynchronously
2025-02-24 03:48:15,097 [INFO] 正在下载 (第80章 番外八) asynchronously
2025-02-24 03:48:15,097 [INFO] 正在下载 (第81章 番外九) asynchronously
2025-02-24 03:48:15,098 [INFO] 正在下载 (第82章 番外十) asynchronously
2025-02-24 03:48:15,114 [INFO] 正在下载 (第83章 番外十一) asynchronously
2025-02-24 03:48:15,154 [INFO] 成功下载: 第60章 part60
2025-02-24 03:48:15,156 [INFO] 正在下载 (第84章 番外十二) asynchronously
2025-02-24 03:48:15,185 [INFO] 成功下载: 第59章 part59
2025-02-24 03:48:15,248 [INFO] 成功下载: 第63章 part63
2025-02-24 03:48:15,462 [INFO] 成功下载: 第70章 part70
2025-02-24 03:48:15,481 [INFO] 成功下载: 第61章 part61
2025-02-24 03:48:15,518 [INFO] 成功下载: 第65章 part65
2025-02-24 03:48:15,519 [INFO] 成功下载: 第67章 part67
2025-02-24 03:48:15,559 [INFO] 成功下载: 第62章 part62
2025-02-24 03:48:15,615 [INFO] 成功下载: 第68章 part68
2025-02-24 03:48:15,645 [INFO] 成功下载: 第69章 part69
2025-02-24 03:48:15,732 [INFO] 成功下载: 第72章 part72
2025-02-24 03:48:15,865 [INFO] 成功下载: 第71章 part71
2025-02-24 03:48:15,946 [INFO] 成功下载: 第78章 番外六
2025-02-24 03:48:15,966 [INFO] 成功下载: 第79章 番外七
2025-02-24 03:48:15,997 [INFO] 成功下载: 第82章 番外十
2025-02-24 03:48:16,007 [INFO] 成功下载: 第76章 番外四
2025-02-24 03:48:16,029 [INFO] 成功下载: 第81章 番外九
2025-02-24 03:48:16,051 [INFO] 成功下载: 第84章 番外十二
2025-02-24 03:48:16,070 [INFO] 成功下载: 第73章 番外一
2025-02-24 03:48:16,109 [INFO] 成功下载: 第75章 番外三
2025-02-24 03:48:16,150 [INFO] 成功下载: 第83章 番外十一
2025-02-24 03:48:16,159 [INFO] 成功下载: 第74章 番外二
2025-02-24 03:48:32,171 [INFO] 成功下载: 第20章 part20
2025-02-24 03:48:32,733 [INFO] 成功下载: 第14章 part14
2025-02-24 03:48:32,860 [INFO] 成功下载: 第24章 part24
2025-02-24 03:48:34,086 [INFO] 成功下载: 第48章 part48
2025-02-24 03:48:34,544 [INFO] 成功下载: 第42章 part42
2025-02-24 03:48:34,715 [INFO] 成功下载: 第64章 part64
2025-02-24 03:48:34,887 [INFO] 成功下载: 第66章 part66
2025-02-24 03:48:35,597 [INFO] 成功下载: 第77章 番外五
2025-02-24 03:48:54,447 [WARNING] 第1次尝试失败 (第80章 番外八): 522 Server Error:  for url: https://m.bqug8.com/kan/131238/80.html
2025-02-24 03:48:54,447 [ERROR] 章节下载失败: 第80章 番外八
2025-02-24 03:48:54,452 [ERROR] 以下章节未能成功下载:
↓↓↓ 直达页面底部
第80章 番外八
2025-02-24 03:48:54,453 [ERROR] 文件保存失败: [Errno 2] No such file or directory: 'src/output\\outputfile.txt'
2025-02-24 03:48:54,453 [CRITICAL] 致命错误: [Errno 2] No such file or directory: 'src/output\\outputfile.txt'
2025-02-24 03:57:41,773 [INFO] 正在下载 (↓↓↓ 直达页面底部) asynchronously
2025-02-24 03:57:41,773 [INFO] 正在下载 (第1章 part1) asynchronously
2025-02-24 03:57:41,773 [INFO] 正在下载 (第2章 part2) asynchronously
2025-02-24 03:57:41,773 [INFO] 正在下载 (第3章 part3) asynchronously
2025-02-24 03:57:41,774 [INFO] 正在下载 (第4章 part4) asynchronously
2025-02-24 03:57:41,774 [INFO] 正在下载 (第5章 part5) asynchronously
2025-02-24 03:57:41,774 [INFO] 正在下载 (第6章 part6) asynchronously
2025-02-24 03:57:41,775 [INFO] 正在下载 (第7章 part7) asynchronously
2025-02-24 03:57:41,775 [INFO] 正在下载 (第8章 part8) asynchronously
2025-02-24 03:57:41,775 [INFO] 正在下载 (第9章 part9) asynchronously
2025-02-24 03:57:42,866 [WARNING] 第1次尝试失败 (↓↓↓ 直达页面底部): 获取到空内容
2025-02-24 03:57:42,871 [INFO] 成功下载: 第4章 part4
2025-02-24 03:57:42,884 [ERROR] 章节下载失败: ↓↓↓ 直达页面底部
2025-02-24 03:57:42,939 [INFO] 成功下载: 第7章 part7
2025-02-24 03:57:42,940 [INFO] 成功下载: 第1章 part1
2025-02-24 03:57:42,953 [INFO] 成功下载: 第8章 part8
2025-02-24 03:57:42,969 [INFO] 正在下载 (第10章 part10) asynchronously
2025-02-24 03:57:42,982 [INFO] 成功下载: 第5章 part5
2025-02-24 03:57:42,985 [INFO] 成功下载: 第6章 part6
2025-02-24 03:57:42,988 [INFO] 成功下载: 第3章 part3
2025-02-24 03:57:42,988 [INFO] 正在下载 (第11章 part11) asynchronously
2025-02-24 03:57:42,989 [INFO] 正在下载 (第12章 part12) asynchronously
2025-02-24 03:57:42,989 [INFO] 正在下载 (第13章 part13) asynchronously
2025-02-24 03:57:42,989 [INFO] 正在下载 (第14章 part14) asynchronously
2025-02-24 03:57:42,990 [INFO] 正在下载 (第15章 part15) asynchronously
2025-02-24 03:57:42,990 [INFO] 正在下载 (第16章 part16) asynchronously
2025-02-24 03:57:42,992 [INFO] 正在下载 (第17章 part17) asynchronously
2025-02-24 03:57:43,074 [INFO] 成功下载: 第2章 part2
2025-02-24 03:57:43,075 [INFO] 正在下载 (第18章 part18) asynchronously
2025-02-24 03:57:43,677 [INFO] 成功下载: 第9章 part9
2025-02-24 03:57:43,678 [INFO] 正在下载 (第19章 part19) asynchronously
2025-02-24 03:57:43,978 [INFO] 成功下载: 第17章 part17
2025-02-24 03:57:43,979 [INFO] 正在下载 (第20章 part20) asynchronously
2025-02-24 03:57:43,985 [INFO] 成功下载: 第16章 part16
2025-02-24 03:57:43,992 [INFO] 成功下载: 第12章 part12
2025-02-24 03:57:44,009 [INFO] 成功下载: 第11章 part11
2025-02-24 03:57:44,021 [INFO] 成功下载: 第14章 part14
2025-02-24 03:57:44,025 [INFO] 成功下载: 第15章 part15
2025-02-24 03:57:44,033 [INFO] 成功下载: 第10章 part10
2025-02-24 03:57:44,046 [INFO] 成功下载: 第13章 part13
2025-02-24 03:57:44,046 [INFO] 正在下载 (第21章 part21) asynchronously
2025-02-24 03:57:44,047 [INFO] 正在下载 (第22章 part22) asynchronously
2025-02-24 03:57:44,047 [INFO] 正在下载 (第23章 part23) asynchronously
2025-02-24 03:57:44,048 [INFO] 正在下载 (第24章 part24) asynchronously
2025-02-24 03:57:44,048 [INFO] 正在下载 (第25章 part25) asynchronously
2025-02-24 03:57:44,049 [INFO] 正在下载 (第26章 part26) asynchronously
2025-02-24 03:57:44,049 [INFO] 正在下载 (第27章 part27) asynchronously
2025-02-24 03:57:44,104 [INFO] 成功下载: 第18章 part18
2025-02-24 03:57:44,105 [INFO] 正在下载 (第28章 part28) asynchronously
2025-02-24 03:57:44,682 [INFO] 成功下载: 第19章 part19
2025-02-24 03:57:44,685 [INFO] 正在下载 (第29章 part29) asynchronously
2025-02-24 03:57:44,740 [INFO] 成功下载: 第27章 part27
2025-02-24 03:57:44,740 [INFO] 正在下载 (第30章 part30) asynchronously
2025-02-24 03:57:44,798 [INFO] 成功下载: 第20章 part20
2025-02-24 03:57:44,810 [INFO] 成功下载: 第26章 part26
2025-02-24 03:57:44,816 [INFO] 正在下载 (第31章 part31) asynchronously
2025-02-24 03:57:44,832 [INFO] 正在下载 (第32章 part32) asynchronously
2025-02-24 03:57:44,877 [INFO] 成功下载: 第28章 part28
2025-02-24 03:57:44,892 [INFO] 成功下载: 第25章 part25
2025-02-24 03:57:44,909 [INFO] 成功下载: 第24章 part24
2025-02-24 03:57:44,913 [INFO] 成功下载: 第21章 part21
2025-02-24 03:57:44,915 [INFO] 正在下载 (第33章 part33) asynchronously
2025-02-24 03:57:44,917 [INFO] 成功下载: 第23章 part23
2025-02-24 03:57:44,918 [INFO] 正在下载 (第34章 part34) asynchronously
2025-02-24 03:57:44,919 [INFO] 正在下载 (第35章 part35) asynchronously
2025-02-24 03:57:44,920 [INFO] 正在下载 (第36章 part36) asynchronously
2025-02-24 03:57:44,921 [INFO] 正在下载 (第37章 part37) asynchronously
2025-02-24 03:57:45,567 [INFO] 成功下载: 第31章 part31
2025-02-24 03:57:45,588 [INFO] 成功下载: 第37章 part37
2025-02-24 03:57:45,607 [INFO] 成功下载: 第34章 part34
2025-02-24 03:57:45,633 [INFO] 成功下载: 第36章 part36
2025-02-24 03:57:45,650 [INFO] 成功下载: 第32章 part32
2025-02-24 03:57:45,661 [INFO] 正在下载 (第38章 part38) asynchronously
2025-02-24 03:57:45,671 [INFO] 正在下载 (第39章 part39) asynchronously
2025-02-24 03:57:45,675 [INFO] 成功下载: 第35章 part35
2025-02-24 03:57:45,677 [INFO] 成功下载: 第22章 part22
2025-02-24 03:57:45,684 [INFO] 正在下载 (第40章 part40) asynchronously
2025-02-24 03:57:45,700 [INFO] 成功下载: 第29章 part29
2025-02-24 03:57:45,700 [INFO] 正在下载 (第41章 part41) asynchronously
2025-02-24 03:57:45,700 [INFO] 正在下载 (第42章 part42) asynchronously
2025-02-24 03:57:45,706 [INFO] 正在下载 (第43章 part43) asynchronously
2025-02-24 03:57:45,707 [INFO] 正在下载 (第44章 part44) asynchronously
2025-02-24 03:57:45,709 [INFO] 正在下载 (第45章 part45) asynchronously
2025-02-24 03:57:45,751 [INFO] 成功下载: 第30章 part30
2025-02-24 03:57:45,752 [INFO] 正在下载 (第46章 part46) asynchronously
2025-02-24 03:57:45,909 [INFO] 成功下载: 第33章 part33
2025-02-24 03:57:45,912 [INFO] 正在下载 (第47章 part47) asynchronously
2025-02-24 03:57:46,120 [INFO] 成功下载: 第38章 part38
2025-02-24 03:57:46,123 [INFO] 正在下载 (第48章 part48) asynchronously
2025-02-24 03:57:46,157 [INFO] 成功下载: 第40章 part40
2025-02-24 03:57:46,158 [INFO] 正在下载 (第49章 part49) asynchronously
2025-02-24 03:57:46,239 [INFO] 成功下载: 第39章 part39
2025-02-24 03:57:46,240 [INFO] 成功下载: 第43章 part43
2025-02-24 03:57:46,241 [INFO] 正在下载 (第50章 part50) asynchronously
2025-02-24 03:57:46,242 [INFO] 正在下载 (第51章 part51) asynchronously
2025-02-24 03:57:46,263 [INFO] 成功下载: 第41章 part41
2025-02-24 03:57:46,266 [INFO] 正在下载 (第52章 part52) asynchronously
2025-02-24 03:57:46,349 [INFO] 成功下载: 第44章 part44
2025-02-24 03:57:46,358 [INFO] 成功下载: 第46章 part46
2025-02-24 03:57:46,358 [INFO] 正在下载 (第53章 part53) asynchronously
2025-02-24 03:57:46,361 [INFO] 成功下载: 第45章 part45
2025-02-24 03:57:46,361 [INFO] 正在下载 (第54章 part54) asynchronously
2025-02-24 03:57:46,396 [INFO] 正在下载 (第55章 part55) asynchronously
2025-02-24 03:57:46,409 [INFO] 成功下载: 第47章 part47
2025-02-24 03:57:46,416 [INFO] 正在下载 (第56章 part56) asynchronously
2025-02-24 03:57:46,572 [INFO] 成功下载: 第42章 part42
2025-02-24 03:57:46,573 [INFO] 正在下载 (第57章 part57) asynchronously
2025-02-24 03:57:46,707 [INFO] 成功下载: 第48章 part48
2025-02-24 03:57:46,707 [INFO] 正在下载 (第58章 part58) asynchronously
2025-02-24 03:57:46,735 [INFO] 成功下载: 第49章 part49
2025-02-24 03:57:46,736 [INFO] 正在下载 (第59章 part59) asynchronously
2025-02-24 03:57:46,967 [INFO] 成功下载: 第51章 part51
2025-02-24 03:57:46,970 [INFO] 成功下载: 第50章 part50
2025-02-24 03:57:46,983 [INFO] 成功下载: 第52章 part52
2025-02-24 03:57:46,984 [INFO] 正在下载 (第60章 part60) asynchronously
2025-02-24 03:57:46,987 [INFO] 正在下载 (第61章 part61) asynchronously
2025-02-24 03:57:47,006 [INFO] 正在下载 (第62章 part62) asynchronously
2025-02-24 03:57:47,021 [INFO] 成功下载: 第55章 part55
2025-02-24 03:57:47,028 [INFO] 成功下载: 第56章 part56
2025-02-24 03:57:47,050 [INFO] 成功下载: 第54章 part54
2025-02-24 03:57:47,050 [INFO] 正在下载 (第63章 part63) asynchronously
2025-02-24 03:57:47,052 [INFO] 正在下载 (第64章 part64) asynchronously
2025-02-24 03:57:47,054 [INFO] 正在下载 (第65章 part65) asynchronously
2025-02-24 03:57:47,238 [INFO] 成功下载: 第57章 part57
2025-02-24 03:57:47,244 [INFO] 正在下载 (第66章 part66) asynchronously
2025-02-24 03:57:47,253 [INFO] 成功下载: 第58章 part58
2025-02-24 03:57:47,255 [INFO] 正在下载 (第67章 part67) asynchronously
2025-02-24 03:57:47,351 [INFO] 成功下载: 第59章 part59
2025-02-24 03:57:47,355 [INFO] 正在下载 (第68章 part68) asynchronously
2025-02-24 03:57:47,442 [INFO] 成功下载: 第53章 part53
2025-02-24 03:57:47,443 [INFO] 正在下载 (第69章 part69) asynchronously
2025-02-24 03:57:47,476 [INFO] 成功下载: 第61章 part61
2025-02-24 03:57:47,477 [INFO] 正在下载 (第70章 part70) asynchronously
2025-02-24 03:57:47,533 [INFO] 成功下载: 第64章 part64
2025-02-24 03:57:47,533 [INFO] 正在下载 (第71章 part71) asynchronously
2025-02-24 03:57:47,580 [INFO] 成功下载: 第62章 part62
2025-02-24 03:57:47,596 [INFO] 正在下载 (第72章 part72) asynchronously
2025-02-24 03:57:47,611 [INFO] 成功下载: 第63章 part63
2025-02-24 03:57:47,612 [INFO] 成功下载: 第65章 part65
2025-02-24 03:57:47,629 [INFO] 成功下载: 第60章 part60
2025-02-24 03:57:47,630 [INFO] 正在下载 (第73章 番外一) asynchronously
2025-02-24 03:57:47,631 [INFO] 正在下载 (第74章 番外二) asynchronously
2025-02-24 03:57:47,632 [INFO] 正在下载 (第75章 番外三) asynchronously
2025-02-24 03:57:47,735 [INFO] 成功下载: 第66章 part66
2025-02-24 03:57:47,736 [INFO] 正在下载 (第76章 番外四) asynchronously
2025-02-24 03:57:47,775 [INFO] 成功下载: 第67章 part67
2025-02-24 03:57:47,775 [INFO] 正在下载 (第77章 番外五) asynchronously
2025-02-24 03:57:47,856 [INFO] 成功下载: 第68章 part68
2025-02-24 03:57:47,858 [INFO] 正在下载 (第78章 番外六) asynchronously
2025-02-24 03:57:47,932 [INFO] 成功下载: 第70章 part70
2025-02-24 03:57:47,933 [INFO] 正在下载 (第79章 番外七) asynchronously
2025-02-24 03:57:48,129 [INFO] 成功下载: 第71章 part71
2025-02-24 03:57:48,130 [INFO] 正在下载 (第80章 番外八) asynchronously
2025-02-24 03:57:48,188 [INFO] 成功下载: 第77章 番外五
2025-02-24 03:57:48,195 [INFO] 正在下载 (第81章 番外九) asynchronously
2025-02-24 03:57:48,203 [INFO] 成功下载: 第72章 part72
2025-02-24 03:57:48,210 [INFO] 正在下载 (第82章 番外十) asynchronously
2025-02-24 03:57:48,218 [INFO] 成功下载: 第74章 番外二
2025-02-24 03:57:48,219 [INFO] 正在下载 (第83章 番外十一) asynchronously
2025-02-24 03:57:48,244 [INFO] 成功下载: 第75章 番外三
2025-02-24 03:57:48,256 [INFO] 正在下载 (第84章 番外十二) asynchronously
2025-02-24 03:57:48,280 [INFO] 成功下载: 第76章 番外四
2025-02-24 03:57:48,283 [INFO] 成功下载: 第73章 番外一
2025-02-24 03:57:48,347 [INFO] 成功下载: 第69章 part69
2025-02-24 03:57:48,399 [INFO] 成功下载: 第78章 番外六
2025-02-24 03:57:48,478 [INFO] 成功下载: 第79章 番外七
2025-02-24 03:57:48,729 [INFO] 成功下载: 第82章 番外十
2025-02-24 03:57:48,740 [INFO] 成功下载: 第83章 番外十一
2025-02-24 03:57:48,750 [INFO] 成功下载: 第84章 番外十二
2025-02-24 03:57:48,772 [INFO] 成功下载: 第81章 番外九
2025-02-24 03:57:49,202 [INFO] 成功下载: 第80章 番外八
2025-02-24 03:57:49,204 [ERROR] 以下章节未能成功下载:
↓↓↓ 直达页面底部
2025-02-24 03:57:49,208 [INFO] 成功保存 84 章到 file_output\outputfile.txt
